Information: Configuration: Grbl
Information: Vendor: grbl
Information: Posting intermediate data to 'D:\Dropbox\Imprimante 3D\flighsim\Throttle\gcode\base2.txt'
Information: Total number of warnings: 1
Loading locale from 'D:\Program Files\HSMWorks\locales\french_fr.xml'
Code page changed to '1252  (ANSI - latin I)'
Start time: Saturday, February 23, 2019 11:47:55 PM
Code page changed to '20127 (ASCII - ɉ-U.)'
Post processor engine: 4.2.1 41811
Configuration path: D:\Program Files\HSMWorks\posts\grbl.cps
Include paths: D:\Program Files\HSMWorks\posts
Configuration modification date: Saturday, December 15, 2018 10:19:44 PM
Output path: D:\Dropbox\Imprimante 3D\flighsim\Throttle\gcode\base2.txt
Checksum of intermediate NC data: 18393ccd425ca89975f68b22bea6f309
Checksum of configuration: f1befc5db446dc68473e307c371f356c
Vendor url: https://github.com/grbl/grbl/wiki
Legal: Copyright (C) 2012-2016 by Autodesk, Inc.
Generated by: HSMWorks 2018 R4.42793
...
Warning: Work offset has not been specified. Using G54 as WCS.
Stop time: Saturday, February 23, 2019 11:47:55 PM
Post processing completed successfully.
